Build started 2014-10-17 16:42:59.
     1>Project "D:\Dropbox\Dropbox\utveckling\CPP\DirectX\Direct3D\Direct3D\Direct3D.vcxproj" on node 2 (Build target(s)).
     1>ClCompile:
         C:\Program Files (x86)\Microsoft Visual Studio 12.0\VC\bin\CL.exe /c /ZI /nologo /W3 /WX- /Od /Oy- /D _MBCS /Gm /EHsc /RTC1 /MDd /GS /fp:precise /Zc:wchar_t /Zc:forScope /Fo"Debug\\" /Fd"Debug\vc120.pdb" /Gd /TP /analyze- /errorReport:prompt Game.cpp GameSprite.cpp GameTime.cpp GameplayObject.cpp GraphicsDevice.cpp Layer.cpp Main.cpp
         Main.cpp
     1>d:\dropbox\dropbox\utveckling\cpp\directx\direct3d\direct3d\gamesprite.h(4): fatal error C1083: Cannot open include file: 'd3dx9.h': No such file or directory
         Layer.cpp
         GraphicsDevice.cpp
         GameplayObject.cpp
     1>d:\dropbox\dropbox\utveckling\cpp\directx\direct3d\direct3d\gamesprite.h(4): fatal error C1083: Cannot open include file: 'd3dx9.h': No such file or directory
         GameTime.cpp
         GameSprite.cpp
     1>d:\dropbox\dropbox\utveckling\cpp\directx\direct3d\direct3d\gamesprite.h(4): fatal error C1083: Cannot open include file: 'd3dx9.h': No such file or directory
         Game.cpp
     1>d:\dropbox\dropbox\utveckling\cpp\directx\direct3d\direct3d\gamesprite.h(4): fatal error C1083: Cannot open include file: 'd3dx9.h': No such file or directory
         Generating Code...
     1>Done Building Project "D:\Dropbox\Dropbox\utveckling\CPP\DirectX\Direct3D\Direct3D\Direct3D.vcxproj" (Build target(s)) -- FAILED.

Build FAILED.

Time Elapsed 00:00:02.82
